Log file open, 11/16/17 16:00:43
LogWindows: Failed to load 'aqProf.dll' (GetLastError=126)
LogWindows: File 'aqProf.dll' does not exist
LogWindows: Failed to load 'VtuneApi.dll' (GetLastError=126)
LogWindows: File 'VtuneApi.dll' does not exist
LogWindows: Failed to load 'VtuneApi32e.dll' (GetLastError=126)
LogWindows: File 'VtuneApi32e.dll' does not exist
LogInit: Display: Running engine for game: DerpySlashingGame
LogPlatformFile: Not using cached read wrapper
LogInit: Display: RandInit(-1125278598) SRandInit(-1125278598).
LogInit: Read version file with build ID '3709383'
LogInit: Overriding engine version to CL 3709383, compatible CL 3709383
LogInit: Registered custom module enumerator with build ID '3709383'
LogTaskGraph: Started task graph with 5 named threads and 14 total threads with 3 sets of task threads.
LogStats: Stats thread started at 0.173766
LogD3D11RHI: Aftermath initialized
LogModuleManager: Display: Found up-to-date module file ../../../Engine/Plugins/2D/Paper2D/Binaries/Win64/UE4Editor-Paper2D.dll (API version 3709383).
LogModuleManager: Display: Found up-to-date module file ../../../Engine/Plugins/2D/Paper2D/Binaries/Win64/UE4Editor-Paper2DEditor.dll (API version 3709383).
LogModuleManager: Display: Found up-to-date module file ../../../Engine/Plugins/2D/Paper2D/Binaries/Win64/UE4Editor-PaperSpriteSheetImporter.dll (API version 3709383).
LogModuleManager: Display: Found up-to-date module file ../../../Engine/Plugins/2D/Paper2D/Binaries/Win64/UE4Editor-PaperTiledImporter.dll (API version 3709383).
LogModuleManager: Display: Found up-to-date module file ../../../Engine/Plugins/2D/Paper2D/Binaries/Win64/UE4Editor-SmartSnapping.dll (API version 3709383).
LogModuleManager: Display: Found up-to-date module file ../../../Engine/Plugins/Blendables/LightPropagationVolume/Binaries/Win64/UE4Editor-LightPropagationVolumeRuntime.dll (API version 3709383).
LogModuleManager: Display: Found up-to-date module file ../../../Engine/Plugins/Blendables/LightPropagationVolume/Binaries/Win64/UE4Editor-LightPropagationVolumeEditor.dll (API version 3709383).
LogModuleManager: Display: Found up-to-date module file ../../../Engine/Plugins/Developer/GitSourceControl/Binaries/Win64/UE4Editor-GitSourceControl.dll (API version 3709383).
LogModuleManager: Display: Found up-to-date module file ../../../Engine/Plugins/Developer/PerforceSourceControl/Binaries/Win64/UE4Editor-PerforceSourceControl.dll (API version 3709383).
LogModuleManager: Display: Found up-to-date module file ../../../Engine/Plugins/Developer/SubversionSourceControl/Binaries/Win64/UE4Editor-SubversionSourceControl.dll (API version 3709383).
LogModuleManager: Display: Found up-to-date module file ../../../Engine/Plugins/Developer/UObjectPlugin/Binaries/Win64/UE4Editor-UObjectPlugin.dll (API version 3709383).
LogModuleManager: Display: Found up-to-date module file ../../../Engine/Plugins/Developer/VisualStudioCodeSourceCodeAccess/Binaries/Win64/UE4Editor-VisualStudioCodeSourceCodeAccess.dll (API version 3709383).
LogModuleManager: Display: Found up-to-date module file ../../../Engine/Plugins/Developer/VisualStudioSourceCodeAccess/Binaries/Win64/UE4Editor-VisualStudioSourceCodeAccess.dll (API version 3709383).
LogModuleManager: Display: Found up-to-date module file ../../../Engine/Plugins/Editor/AssetManagerEditor/Binaries/Win64/UE4Editor-AssetManagerEditor.dll (API version 3709383).
LogModuleManager: Display: Found up-to-date module file ../../../Engine/Plugins/Editor/AudioCapture/Binaries/Win64/UE4Editor-AudioCapture.dll (API version 3709383).
LogModuleManager: Display: Found up-to-date module file ../../../Engine/Plugins/Editor/FacialAnimation/Binaries/Win64/UE4Editor-FacialAnimation.dll (API version 3709383).
LogModuleManager: Display: Found up-to-date module file ../../../Engine/Plugins/Editor/FacialAnimation/Binaries/Win64/UE4Editor-FacialAnimationEditor.dll (API version 3709383).
LogModuleManager: Display: Found up-to-date module file ../../../Engine/Plugins/Editor/GameplayTagsEditor/Binaries/Win64/UE4Editor-GameplayTagsEditor.dll (API version 3709383).
LogModuleManager: Display: Found up-to-date module file ../../../Engine/Plugins/Editor/MobileLauncherProfileWizard/Binaries/Win64/UE4Editor-MobileLauncherProfileWizard.dll (API version 3709383).
LogModuleManager: Display: Found up-to-date module file ../../../Engine/Plugins/Editor/PluginBrowser/Binaries/Win64/UE4Editor-PluginBrowser.dll (API version 3709383).
LogModuleManager: Display: Found up-to-date module file ../../../Engine/Plugins/Editor/SpeedTreeImporter/Binaries/Win64/UE4Editor-SpeedTreeImporter.dll (API version 3709383).
LogModuleManager: Display: Found up-to-date module file ../../../Engine/Plugins/Experimental/AlembicImporter/Binaries/Win64/UE4Editor-AlembicImporter.dll (API version 3709383).
LogModuleManager: Display: Found up-to-date module file ../../../Engine/Plugins/Experimental/AlembicImporter/Binaries/Win64/UE4Editor-AlembicLibrary.dll (API version 3709383).
LogModuleManager: Display: Found up-to-date module file ../../../Engine/Plugins/Experimental/CharacterAI/Binaries/Win64/UE4Editor-CharacterAI.dll (API version 3709383).
LogModuleManager: Display: Found up-to-date module file ../../../Engine/Plugins/Experimental/HTML5Networking/Binaries/Win64/UE4Editor-HTML5Networking.dll (API version 3709383).
LogModuleManager: Display: Found up-to-date module file ../../../Engine/Plugins/Media/AndroidMedia/Binaries/Win64/UE4Editor-AndroidMediaEditor.dll (API version 3709383).
LogModuleManager: Display: Found up-to-date module file ../../../Engine/Plugins/Media/AndroidMedia/Binaries/Win64/UE4Editor-AndroidMediaFactory.dll (API version 3709383).
LogModuleManager: Display: Found up-to-date module file ../../../Engine/Plugins/Media/AvfMedia/Binaries/Win64/UE4Editor-AvfMediaEditor.dll (API version 3709383).
LogModuleManager: Display: Found up-to-date module file ../../../Engine/Plugins/Media/AvfMedia/Binaries/Win64/UE4Editor-AvfMediaFactory.dll (API version 3709383).
LogModuleManager: Display: Found up-to-date module file ../../../Engine/Plugins/Media/AvfMedia/Binaries/Win64/UE4Editor-AvfMediaFactory.dll (API version 3709383).
LogModuleManager: Display: Found up-to-date module file ../../../Engine/Plugins/Media/ImgMedia/Binaries/Win64/UE4Editor-ImgMedia.dll (API version 3709383).
LogModuleManager: Display: Found up-to-date module file ../../../Engine/Plugins/Media/ImgMedia/Binaries/Win64/UE4Editor-ImgMediaEditor.dll (API version 3709383).
LogModuleManager: Display: Found up-to-date module file ../../../Engine/Plugins/Media/ImgMedia/Binaries/Win64/UE4Editor-ImgMediaFactory.dll (API version 3709383).
LogModuleManager: Display: Found up-to-date module file ../../../Engine/Plugins/Media/ImgMedia/Binaries/Win64/UE4Editor-ImgMediaFactory.dll (API version 3709383).
LogModuleManager: Display: Found up-to-date module file ../../../Engine/Plugins/Media/ImgMedia/Binaries/Win64/UE4Editor-OpenExrWrapper.dll (API version 3709383).
LogModuleManager: Display: Found up-to-date module file ../../../Engine/Plugins/Media/MediaCompositing/Binaries/Win64/UE4Editor-MediaCompositing.dll (API version 3709383).
LogModuleManager: Display: Found up-to-date module file ../../../Engine/Plugins/Media/MediaCompositing/Binaries/Win64/UE4Editor-MediaCompositingEditor.dll (API version 3709383).
LogModuleManager: Display: Found up-to-date module file ../../../Engine/Plugins/Media/MediaPlayerEditor/Binaries/Win64/UE4Editor-MediaPlayerEditor.dll (API version 3709383).
LogModuleManager: Display: Found up-to-date module file ../../../Engine/Plugins/Media/WmfMedia/Binaries/Win64/UE4Editor-WmfMedia.dll (API version 3709383).
LogModuleManager: Display: Found up-to-date module file ../../../Engine/Plugins/Media/WmfMedia/Binaries/Win64/UE4Editor-WmfMediaEditor.dll (API version 3709383).
LogModuleManager: Display: Found up-to-date module file ../../../Engine/Plugins/Media/WmfMedia/Binaries/Win64/UE4Editor-WmfMediaFactory.dll (API version 3709383).
LogModuleManager: Display: Found up-to-date module file ../../../Engine/Plugins/Media/WmfMedia/Binaries/Win64/UE4Editor-WmfMediaFactory.dll (API version 3709383).
LogModuleManager: Display: Found up-to-date module file ../../../Engine/Plugins/Messaging/TcpMessaging/Binaries/Win64/UE4Editor-TcpMessaging.dll (API version 3709383).
LogModuleManager: Display: Found up-to-date module file ../../../Engine/Plugins/Messaging/UdpMessaging/Binaries/Win64/UE4Editor-UdpMessaging.dll (API version 3709383).
LogModuleManager: Display: Found up-to-date module file ../../../Engine/Plugins/MovieScene/ActorSequence/Binaries/Win64/UE4Editor-ActorSequence.dll (API version 3709383).
LogModuleManager: Display: Found up-to-date module file ../../../Engine/Plugins/MovieScene/LevelSequenceEditor/Binaries/Win64/UE4Editor-LevelSequenceEditor.dll (API version 3709383).
LogModuleManager: Display: Found up-to-date module file ../../../Engine/Plugins/MovieScene/MatineeToLevelSequence/Binaries/Win64/UE4Editor-MatineeToLevelSequence.dll (API version 3709383).
LogModuleManager: Display: Found up-to-date module file ../../../Engine/Plugins/Online/OnlineSubsystem/Binaries/Win64/UE4Editor-OnlineSubsystem.dll (API version 3709383).
LogModuleManager: Display: Found up-to-date module file ../../../Engine/Plugins/Runtime/AndroidPermission/Binaries/Win64/UE4Editor-AndroidPermission.dll (API version 3709383).
LogModuleManager: Display: Found up-to-date module file ../../../Engine/Plugins/Online/OnlineSubsystemNull/Binaries/Win64/UE4Editor-OnlineSubsystemNull.dll (API version 3709383).
LogModuleManager: Display: Found up-to-date module file ../../../Engine/Plugins/Online/OnlineSubsystemUtils/Binaries/Win64/UE4Editor-OnlineSubsystemUtils.dll (API version 3709383).
LogModuleManager: Display: Found up-to-date module file ../../../Engine/Plugins/Online/OnlineSubsystemUtils/Binaries/Win64/UE4Editor-OnlineBlueprintSupport.dll (API version 3709383).
LogModuleManager: Display: Found up-to-date module file ../../../Engine/Plugins/Runtime/AndroidDeviceProfileSelector/Binaries/Win64/UE4Editor-AndroidDeviceProfileSelector.dll (API version 3709383).
LogModuleManager: Display: Found up-to-date module file ../../../Engine/Plugins/Runtime/AppleARKit/Binaries/Win64/UE4Editor-AppleARKit.dll (API version 3709383).
LogModuleManager: Display: Found up-to-date module file ../../../Engine/Plugins/Runtime/ArchVisCharacter/Binaries/Win64/UE4Editor-ArchVisCharacter.dll (API version 3709383).
LogModuleManager: Display: Found up-to-date module file ../../../Engine/Plugins/Runtime/CableComponent/Binaries/Win64/UE4Editor-CableComponent.dll (API version 3709383).
LogModuleManager: Display: Found up-to-date module file ../../../Engine/Plugins/Runtime/CustomMeshComponent/Binaries/Win64/UE4Editor-CustomMeshComponent.dll (API version 3709383).
LogModuleManager: Display: Found up-to-date module file ../../../Engine/Plugins/Runtime/ExampleDeviceProfileSelector/Binaries/Win64/UE4Editor-ExampleDeviceProfileSelector.dll (API version 3709383).
LogModuleManager: Display: Found up-to-date module file ../../../Engine/Plugins/Runtime/ImmediatePhysics/Binaries/Win64/UE4Editor-ImmediatePhysics.dll (API version 3709383).
LogModuleManager: Display: Found up-to-date module file ../../../Engine/Plugins/Runtime/ImmediatePhysics/Binaries/Win64/UE4Editor-ImmediatePhysicsEditor.dll (API version 3709383).
LogModuleManager: Display: Found up-to-date module file ../../../Engine/Plugins/Runtime/LocationServicesBPLibrary/Binaries/Win64/UE4Editor-LocationServicesBPLibrary.dll (API version 3709383).
LogModuleManager: Display: Found up-to-date module file ../../../Engine/Plugins/Runtime/MobilePatchingUtils/Binaries/Win64/UE4Editor-MobilePatchingUtils.dll (API version 3709383).
LogModuleManager: Display: Found up-to-date module file ../../../Engine/Plugins/Runtime/Oculus/OculusVR/Binaries/Win64/UE4Editor-OculusHMD.dll (API version 3709383).
LogModuleManager: Display: Found up-to-date module file ../../../Engine/Plugins/Runtime/Oculus/OculusVR/Binaries/Win64/UE4Editor-OculusInput.dll (API version 3709383).
LogModuleManager: Display: Found up-to-date module file ../../../Engine/Plugins/Runtime/Oculus/OculusVR/Binaries/Win64/UE4Editor-OculusEditor.dll (API version 3709383).
LogModuleManager: Display: Found up-to-date module file ../../../Engine/Plugins/Runtime/PhysXVehicles/Binaries/Win64/UE4Editor-PhysXVehicles.dll (API version 3709383).
LogModuleManager: Display: Found up-to-date module file ../../../Engine/Plugins/Runtime/PhysXVehicles/Binaries/Win64/UE4Editor-PhysXVehiclesEditor.dll (API version 3709383).
LogModuleManager: Display: Found up-to-date module file ../../../Engine/Plugins/Runtime/ProceduralMeshComponent/Binaries/Win64/UE4Editor-ProceduralMeshComponent.dll (API version 3709383).
LogModuleManager: Display: Found up-to-date module file ../../../Engine/Plugins/Runtime/ProceduralMeshComponent/Binaries/Win64/UE4Editor-ProceduralMeshComponentEditor.dll (API version 3709383).
LogModuleManager: Display: Found up-to-date module file ../../../Engine/Plugins/Runtime/RuntimePhysXCooking/Binaries/Win64/UE4Editor-RuntimePhysXCooking.dll (API version 3709383).
LogModuleManager: Display: Found up-to-date module file ../../../Engine/Plugins/Runtime/Steam/SteamVR/Binaries/Win64/UE4Editor-SteamVR.dll (API version 3709383).
LogModuleManager: Display: Found up-to-date module file ../../../Engine/Plugins/Runtime/Steam/SteamVR/Binaries/Win64/UE4Editor-SteamVRController.dll (API version 3709383).
LogModuleManager: Display: Found up-to-date module file ../../../Engine/Plugins/Runtime/WindowsMoviePlayer/Binaries/Win64/UE4Editor-WindowsMoviePlayer.dll (API version 3709383).
LogPluginManager: Mounting plugin Paper2D
LogPluginManager: Mounting plugin LightPropagationVolume
LogPluginManager: Mounting plugin CodeLiteSourceCodeAccess
LogPluginManager: Mounting plugin GitSourceControl
LogPluginManager: Mounting plugin KDevelopSourceCodeAccess
LogPluginManager: Mounting plugin NullSourceCodeAccess
LogPluginManager: Mounting plugin PerforceSourceControl
LogPluginManager: Mounting plugin SubversionSourceControl
LogPluginManager: Mounting plugin UObjectPlugin
LogPluginManager: Mounting plugin VisualStudioCodeSourceCodeAccess
LogPluginManager: Mounting plugin VisualStudioSourceCodeAccess
LogPluginManager: Mounting plugin XCodeSourceCodeAccess
LogPluginManager: Mounting plugin AssetManagerEditor
LogPluginManager: Mounting plugin AudioCapture
LogPluginManager: Mounting plugin FacialAnimation
LogPluginManager: Mounting plugin GameplayTagsEditor
LogPluginManager: Mounting plugin MobileLauncherProfileWizard
LogPluginManager: Mounting plugin PluginBrowser
LogPluginManager: Mounting plugin SpeedTreeImporter
LogPluginManager: Mounting plugin AlembicImporter
LogPluginManager: Mounting plugin CharacterAI
LogPluginManager: Mounting plugin HTML5Networking
LogPluginManager: Mounting plugin AndroidMedia
LogPluginManager: Mounting plugin AvfMedia
LogPluginManager: Mounting plugin ImgMedia
LogPluginManager: Mounting plugin MediaCompositing
LogPluginManager: Mounting plugin MediaPlayerEditor
LogPluginManager: Mounting plugin WmfMedia
LogPluginManager: Mounting plugin TcpMessaging
LogPluginManager: Mounting plugin UdpMessaging
LogPluginManager: Mounting plugin ActorSequence
LogPluginManager: Mounting plugin LevelSequenceEditor
LogPluginManager: Mounting plugin MatineeToLevelSequence
LogPluginManager: Mounting plugin OnlineSubsystemGooglePlay
LogPluginManager: Mounting plugin OnlineSubsystemIOS
LogPluginManager: Mounting plugin OnlineSubsystem
LogPluginManager: Mounting plugin OnlineSubsystemNull
LogPluginManager: Mounting plugin OnlineSubsystemUtils
LogPluginManager: Mounting plugin AndroidDeviceProfileSelector
LogPluginManager: Mounting plugin AndroidMoviePlayer
LogPluginManager: Mounting plugin AndroidPermission
LogPluginManager: Mounting plugin AppleARKit
LogPluginManager: Mounting plugin AppleMoviePlayer
LogPluginManager: Mounting plugin ArchVisCharacter
LogPluginManager: Mounting plugin CableComponent
LogPluginManager: Mounting plugin CustomMeshComponent
LogPluginManager: Mounting plugin ExampleDeviceProfileSelector
LogPluginManager: Mounting plugin GoogleCloudMessaging
LogPluginManager: Mounting plugin ImmediatePhysics
LogPluginManager: Mounting plugin IOSDeviceProfileSelector
LogPluginManager: Mounting plugin LinuxDeviceProfileSelector
LogPluginManager: Mounting plugin LocationServicesBPLibrary
LogPluginManager: Mounting plugin MobilePatchingUtils
LogPluginManager: Mounting plugin OculusVR
LogPluginManager: Plugin shader directory ../../../Engine/Plugins/Runtime/Oculus/OculusVR/Shaders found
LogPluginManager: Mapping shader source directory ../../../Engine/Plugins/Runtime/Oculus/OculusVR/Shaders to virtual directory /Plugin/OculusVR
LogPluginManager: Mounting plugin PhysXVehicles
LogPluginManager: Mounting plugin ProceduralMeshComponent
LogPluginManager: Mounting plugin RuntimePhysXCooking
LogPluginManager: Mounting plugin SteamVR
LogPluginManager: Mounting plugin WindowsMoviePlayer
LogInit: Using libcurl 7.47.1
LogInit:  - built for x86_64-pc-win32
LogInit:  - supports SSL with OpenSSL/1.0.2g
LogInit:  - supports HTTP deflate (compression) using libz 1.2.8
LogInit:  - other features:
LogInit:      CURL_VERSION_SSL
LogInit:      CURL_VERSION_LIBZ
LogInit:      CURL_VERSION_IPV6
LogInit:      CURL_VERSION_ASYNCHDNS
LogInit:      CURL_VERSION_LARGEFILE
LogInit:      CURL_VERSION_IDN
LogInit:  CurlRequestOptions (configurable via config and command line):
LogInit:  - bVerifyPeer = false  - Libcurl will NOT verify peer certificate
LogInit:  - bUseHttpProxy = false  - Libcurl will NOT use HTTP proxy
LogInit:  - bDontReuseConnections = false  - Libcurl will reuse connections
LogInit:  - CertBundlePath = nullptr  - Libcurl will use whatever was configured at build time.
LogInit: Build: ++UE4+Release-4.18-CL-3709383
LogInit: Engine Version: 4.18.0-3709383+++UE4+Release-4.18
LogInit: Compatible Engine Version: 4.18.0-3709383+++UE4+Release-4.18
LogInit: Net CL: 3709383
LogDevObjectVersion: Number of dev versions registered: 16
LogDevObjectVersion:   Dev-Blueprints (B0D832E4-1F89-4F0D-ACCF-7EB736FD4AA2): 10
LogDevObjectVersion:   Dev-Build (E1C64328-A22C-4D53-A36C-8E866417BD8C): 0
LogDevObjectVersion:   Dev-Core (375EC13C-06E4-48FB-B500-84F0262A717E): 2
LogDevObjectVersion:   Dev-Editor (E4B068ED-F494-42E9-A231-DA0B2E46BB41): 20
LogDevObjectVersion:   Dev-Framework (CFFC743F-43B0-4480-9391-14DF171D2073): 30
LogDevObjectVersion:   Dev-Mobile (B02B49B5-BB20-44E9-A304-32B752E40360): 0
LogDevObjectVersion:   Dev-Networking (A4E4105C-59A1-49B5-A7C5-40C4547EDFEE): 0
LogDevObjectVersion:   Dev-Online (39C831C9-5AE6-47DC-9A44-9C173E1C8E7C): 0
LogDevObjectVersion:   Dev-Physics (78F01B33-EBEA-4F98-B9B4-84EACCB95AA2): 0
LogDevObjectVersion:   Dev-Platform (6631380F-2D4D-43E0-8009-CF276956A95A): 0
LogDevObjectVersion:   Dev-Rendering (12F88B9F-8875-4AFC-A67C-D90C383ABD29): 20
LogDevObjectVersion:   Dev-Sequencer (7B5AE74C-D270-4C10-A958-57980B212A5A): 4
LogDevObjectVersion:   Dev-VR (D7296918-1DD6-4BDD-9DE2-64A83CC13884): 0
LogDevObjectVersion:   Dev-LoadTimes (C2A15278-BFE7-4AFE-6C17-90FF531DF755): 1
LogDevObjectVersion:   Private-Geometry (6EACA3D4-40EC-4CC1-B786-8BED09428FC5): 1
LogDevObjectVersion:   Dev-AnimPhys (29E575DD-E0A3-4627-9D10-D276232CDCEA): 12
LogInit: Compiled (64-bit): Oct 20 2017 10:39:19
LogInit: Compiled with Visual C++: 19.00.24215.01
LogInit: Build Configuration: Development
LogInit: Branch Name: ++UE4+Release-4.18
LogInit: Command line:  
LogInit: Base directory: D:/Launchers/Epic Games/UE_4.18/Engine/Binaries/Win64/
LogInit: Installed Engine Build: 1
LogInit: Presizing for max 8388607 objects, including 0 objects not considered by GC, pre-allocating 0 bytes for permanent pool.
LogInit: Object subsystem initialized
[2017.11.16-15.00.44:746][  0]LogInit: Selected Device Profile: [Windows]
[2017.11.16-15.00.44:746][  0]LogInit: Applying CVar settings loaded from the selected device profile: [Windows]
[2017.11.16-15.00.44:755][  0]LogInit: Computer: TOBIASPREECHA
[2017.11.16-15.00.44:755][  0]LogInit: User: TobiasPreecha
[2017.11.16-15.00.44:755][  0]LogInit: CPU Page size=4096, Cores=4
[2017.11.16-15.00.44:755][  0]LogInit: High frequency timer resolution =3.124095 MHz
[2017.11.16-15.00.44:755][  0]LogMemory: Memory total: Physical=15.9GB (16GB approx)
[2017.11.16-15.00.44:755][  0]LogMemory: Platform Memory Stats for Windows
[2017.11.16-15.00.44:755][  0]LogMemory: Process Physical Memory: 272.51 MB used, 272.51 MB peak
[2017.11.16-15.00.44:755][  0]LogMemory: Process Virtual Memory: 271.84 MB used, 271.84 MB peak
[2017.11.16-15.00.44:755][  0]LogMemory: Physical Memory: 6599.45 MB used,  9732.80 MB free, 16332.24 MB total
[2017.11.16-15.00.44:755][  0]LogMemory: Virtual Memory: 645.31 MB used,  9732.80 MB free, 134217728.00 MB total
[2017.11.16-15.00.44:890][  0]LogInit: Using OS detected language (en-US).
[2017.11.16-15.00.44:890][  0]LogInit: Using OS detected locale (da-DK).
[2017.11.16-15.00.44:894][  0]LogTextLocalizationManager: No specific localization for 'en-US' exists, so the 'en' localization will be used.
[2017.11.16-15.00.44:895][  0]LogTextLocalizationManager: No localization for 'da-DK' exists, so 'en-US' will be used for the locale.
[2017.11.16-15.00.45:342][  0]LogInit: Setting process to per monitor DPI aware
[2017.11.16-15.00.45:661][  0]LogD3D11RHI: D3D11 adapters:
[2017.11.16-15.00.45:723][  0]LogD3D11RHI:    0. 'NVIDIA GeForce GTX 1070' (Feature Level 11_0)
[2017.11.16-15.00.45:723][  0]LogD3D11RHI:       8100/0/8166 MB DedicatedVideo/DedicatedSystem/SharedSystem, Outputs:1, VendorId:0x10de
[2017.11.16-15.00.45:725][  0]LogD3D11RHI:    1. 'Microsoft Basic Render Driver' (Feature Level 11_0)
[2017.11.16-15.00.45:725][  0]LogD3D11RHI:       0/0/8166 MB DedicatedVideo/DedicatedSystem/SharedSystem, Outputs:0, VendorId:0x1414
[2017.11.16-15.00.45:725][  0]LogD3D11RHI: Chosen D3D11 Adapter: 0
[2017.11.16-15.00.45:728][  0]LogD3D11RHI: Creating new Direct3DDevice
[2017.11.16-15.00.45:728][  0]LogD3D11RHI:     GPU DeviceId: 0x1b81 (for the marketing name, search the web for "GPU Device Id")
[2017.11.16-15.00.45:728][  0]LogWindows: EnumDisplayDevices:
[2017.11.16-15.00.45:728][  0]LogWindows:    0. 'NVIDIA GeForce GTX 1070' (P:1 D:1)
[2017.11.16-15.00.45:728][  0]LogWindows:    1. 'NVIDIA GeForce GTX 1070' (P:0 D:0)
[2017.11.16-15.00.45:728][  0]LogWindows:    2. 'NVIDIA GeForce GTX 1070' (P:0 D:0)
[2017.11.16-15.00.45:729][  0]LogWindows:    3. 'NVIDIA GeForce GTX 1070' (P:0 D:0)
[2017.11.16-15.00.45:729][  0]LogWindows: DebugString: FoundDriverCount:4 
[2017.11.16-15.00.45:729][  0]LogD3D11RHI:     Adapter Name: NVIDIA GeForce GTX 1070
[2017.11.16-15.00.45:729][  0]LogD3D11RHI:   Driver Version: 388.13 (internal:23.21.13.8813, unified:388.13)
[2017.11.16-15.00.45:729][  0]LogD3D11RHI:      Driver Date: 10-27-2017
[2017.11.16-15.00.45:729][  0]LogRHI: Texture pool is 5670 MB (70% of 8100 MB)
[2017.11.16-15.00.45:753][  0]LogD3D11RHI: Async texture creation enabled
[2017.11.16-15.00.45:768][  0]LogD3D11RHI: GPU Timing Frequency: 1000.000000 (Debug: 2 1)
[2017.11.16-15.00.45:818][  0]LogShaderCompilers: Guid format shader working directory is -8 characters bigger than the processId version (../../../../../../Github Unreal Engine Source/DerpySlashingGame/Intermediate/Shaders/WorkingDirectory/7852/).
[2017.11.16-15.00.45:818][  0]LogShaderCompilers: Cleaned the shader compiler working directory 'C:/Users/Tobias Preecha/AppData/Local/Temp/UnrealShaderWorkingDir/ADE64BFC4B1522F0217DF994A458A6DB/'.
[2017.11.16-15.00.45:818][  0]LogShaderCompilers: Display: Using Local Shader Compiler.
[2017.11.16-15.00.46:780][  0]LogTemp: Display: Loaded TP AllDesktopTargetPlatform
[2017.11.16-15.00.46:826][  0]LogTemp: Display: Loaded TP MacClientTargetPlatform
[2017.11.16-15.00.46:873][  0]LogTemp: Display: Loaded TP MacNoEditorTargetPlatform
[2017.11.16-15.00.46:920][  0]LogTemp: Display: Loaded TP MacServerTargetPlatform
[2017.11.16-15.00.46:968][  0]LogTemp: Display: Loaded TP MacTargetPlatform
[2017.11.16-15.00.47:013][  0]LogTemp: Display: Loaded TP WindowsClientTargetPlatform
[2017.11.16-15.00.47:069][  0]LogTemp: Display: Loaded TP WindowsNoEditorTargetPlatform
[2017.11.16-15.00.47:115][  0]LogTemp: Display: Loaded TP WindowsServerTargetPlatform
[2017.11.16-15.00.47:172][  0]LogTemp: Display: Loaded TP WindowsTargetPlatform
[2017.11.16-15.00.47:348][  0]LogTemp: Display: Loaded TP Android_ASTCTargetPlatform
[2017.11.16-15.00.47:451][  0]LogTemp: Display: Loaded TP Android_ATCTargetPlatform
[2017.11.16-15.00.47:500][  0]LogTemp: Display: Loaded TP Android_DXTTargetPlatform
[2017.11.16-15.00.47:555][  0]LogTemp: Display: Loaded TP Android_ETC1TargetPlatform
[2017.11.16-15.00.47:614][  0]LogTemp: Display: Loaded TP Android_ETC2TargetPlatform
[2017.11.16-15.00.47:713][  0]LogTemp: Display: Loaded TP Android_MultiTargetPlatform
[2017.11.16-15.00.47:713][  0]LogTemp: Display: Loaded TP Android_PVRTCTargetPlatform
[2017.11.16-15.00.47:765][  0]LogTemp: Display: Loaded TP AndroidTargetPlatform
[2017.11.16-15.00.47:804][  0]LogTemp: Display: Loaded TP HTML5TargetPlatform
[2017.11.16-15.00.47:906][  0]LogTemp: Display: Loaded TP IOSTargetPlatform
[2017.11.16-15.00.47:930][  0]LogTemp: Display: Loaded TP TVOSTargetPlatform
[2017.11.16-15.00.47:975][  0]LogTemp: Display: Loaded TP LinuxClientTargetPlatform
[2017.11.16-15.00.48:018][  0]LogTemp: Display: Loaded TP LinuxNoEditorTargetPlatform
[2017.11.16-15.00.48:060][  0]LogTemp: Display: Loaded TP LinuxServerTargetPlatform
[2017.11.16-15.00.48:103][  0]LogTemp: Display: Loaded TP LinuxTargetPlatform
[2017.11.16-15.00.48:103][  0]LogTargetPlatformManager: Display: Building Assets For Windows
[2017.11.16-15.00.48:485][  0]LogDerivedDataCache: Display: Max Cache Size: 512 MB
[2017.11.16-15.00.48:550][  0]LogDerivedDataCache: Loaded boot cache 0.06s 78MB C:/Users/Tobias Preecha/AppData/Local/UnrealEngine/4.18/DerivedDataCache/Boot.ddc.
[2017.11.16-15.00.48:550][  0]LogDerivedDataCache: Display: Loaded Boot cache: C:/Users/Tobias Preecha/AppData/Local/UnrealEngine/4.18/DerivedDataCache/Boot.ddc
[2017.11.16-15.00.48:550][  0]LogDerivedDataCache: FDerivedDataBackendGraph:  Pak pak cache file ../../../../../../Github Unreal Engine Source/DerpySlashingGame/DerivedDataCache/DDC.ddp not found, will not use a pak cache.
[2017.11.16-15.00.48:550][  0]LogDerivedDataCache: Unable to find inner node Pak for hierarchical cache Hierarchy.
[2017.11.16-15.00.48:550][  0]LogDerivedDataCache: FDerivedDataBackendGraph:  CompressedPak pak cache file ../../../../../../Github Unreal Engine Source/DerpySlashingGame/DerivedDataCache/Compressed.ddp not found, will not use a pak cache.
[2017.11.16-15.00.48:550][  0]LogDerivedDataCache: Unable to find inner node CompressedPak for hierarchical cache Hierarchy.
[2017.11.16-15.00.48:569][  0]LogDerivedDataCache: Display: Pak cache opened for reading ../../../Engine/DerivedDataCache/Compressed.ddp.
[2017.11.16-15.00.48:581][  0]LogDerivedDataCache: Using Local data cache path C:/Users/Tobias Preecha/AppData/Local/UnrealEngine/Common/DerivedDataCache: Writable
[2017.11.16-15.00.48:592][  0]LogMaterial: Verifying Global Shaders for PCD3D_SM5
[2017.11.16-15.00.48:592][  0]LogSlate: Using Freetype 2.6.0
[2017.11.16-15.00.48:593][  0]LogSlate: SlateFontCache - WITH_FREETYPE: 1, WITH_HARFBUZZ: 1
[2017.11.16-15.00.48:593][  0]LogSlate: SlateFontCache - WITH_FREETYPE: 1, WITH_HARFBUZZ: 1
[2017.11.16-15.00.48:987][  0]LogInit: Selected Device Profile: [Windows]
[2017.11.16-15.00.49:286][  0]LogSimplygon: Simplygon DLL not present - disabling.
[2017.11.16-15.00.49:319][  0]LogMeshReduction: Using SimplygonSwarm for distributed automatic mesh merging
[2017.11.16-15.00.49:319][  0]LogMeshReduction: Using QuadricMeshReduction for automatic static mesh reduction
[2017.11.16-15.00.49:319][  0]LogMeshReduction: No automatic skeletal mesh reduction module available
[2017.11.16-15.00.49:319][  0]LogMeshReduction: No automatic mesh merging module available
[2017.11.16-15.00.49:319][  0]LogMeshMerging: No automatic mesh merging module available
[2017.11.16-15.00.49:352][  0]LogNetVersion: DerpySlashingGame , NetCL: 3709383, EngineNetVer: 2, GameNetVer: 0 (Checksum: 2593404562)
[2017.11.16-15.00.49:518][  0]LogAssetRegistry: FAssetRegistry took 0.0261 seconds to start up
[2017.11.16-15.00.50:018][  0]LogPackageLocalizationCache: Processed 7 localized package path(s) for 2 prioritized culture(s) in 0.052349 seconds
[2017.11.16-15.00.50:023][  0]LogUObjectArray: 35900 objects as part of root set at end of initial load.
[2017.11.16-15.00.50:023][  0]LogUObjectAllocator: 7372016 out of 0 bytes used by permanent object pool.
[2017.11.16-15.00.50:023][  0]LogUObjectArray: CloseDisregardForGC: 0/0 objects in disregard for GC pool
[2017.11.16-15.00.50:065][  0]LogInit: WinSock: version 1.1 (2.2), MaxSocks=32767, MaxUdp=65467
[2017.11.16-15.00.52:646][  0]LogTcpMessaging: Initializing TcpMessaging bridge
[2017.11.16-15.00.52:688][  0]LogUdpMessaging: Initializing bridge on interface 0.0.0.0:0 to multicast group 230.0.0.1:6666.
[2017.11.16-15.00.53:327][  0]LogMaterial: Uniform references updated for custom material expression Custom.
[2017.11.16-15.00.53:720][  0]SourceControl: Source control is disabled
[2017.11.16-15.00.53:720][  0]SourceControl: Source control is disabled
[2017.11.16-15.00.53:769][  0]SourceControl: Source control is disabled
[2017.11.16-15.00.53:819][  0]SourceControl: Source control is disabled
[2017.11.16-15.00.54:588][  0]LogAndroidPermission: UAndroidPermissionCallbackProxy::GetInstance
[2017.11.16-15.00.54:849][  0]LogOcInput: OculusInput pre-init called
[2017.11.16-15.00.55:122][  0]LogEngine: Initializing Engine...
[2017.11.16-15.00.55:139][  0]LogHMD: Failed to initialize OpenVR with code 126
[2017.11.16-15.00.55:365][  0]LogStats: UGameplayTagsManager::ConstructGameplayTagTree: Construct from data asset -  0.000 s
[2017.11.16-15.00.55:365][  0]LogStats: UGameplayTagsManager::ConstructGameplayTagTree: GameplayTagTreeChangedEvent.Broadcast -  0.000 s
[2017.11.16-15.00.55:481][  0]LogAIModule: Creating AISystem for world Untitled
[2017.11.16-15.00.55:502][  0]LogInit: XAudio2 using 'Speakers (5- USB Audio Device)' : 2 channels at 44.1 kHz using 16 bits per sample (channel mask 0x3)
[2017.11.16-15.00.55:521][  0]LogInit: FAudioDevice initialized.
[2017.11.16-15.00.55:638][  0]LogDerivedDataCache: Saved boot cache 0.12s 78MB C:/Users/Tobias Preecha/AppData/Local/UnrealEngine/4.18/DerivedDataCache/Boot.ddc.
[2017.11.16-15.00.55:650][  0]LogInit: Texture streaming: Enabled
[2017.11.16-15.00.55:731][  0]LogEngineSessionManager: EngineSessionManager initialized
[2017.11.16-15.00.55:842][  0]LogInit: Transaction tracking system initialized
[2017.11.16-15.00.56:111][  0]BlueprintLog: New page: Editor Load
[2017.11.16-15.00.56:881][  0]LocalizationService: Localization service is disabled
[2017.11.16-15.00.57:562][  0]LogConsoleResponse: Display: 
[2017.11.16-15.00.57:753][  0]LogCook: Display: Max memory allowance for cook 16384mb min free memory 0mb
[2017.11.16-15.00.57:753][  0]LogCook: Display: Mobile HDR setting 1
[2017.11.16-15.00.57:753][  0]LogGameplayTags: Display: UGameplayTagsManager::DoneAddingNativeTags. DelegateIsBound: 0
[2017.11.16-15.00.57:998][  0]LogFileCache: Scanning file cache for directory 'D:/Github Unreal Engine Source/DerpySlashingGame/Content/' took 0.02s
[2017.11.16-15.00.58:895][  0]SourceControl: Source control is disabled
[2017.11.16-15.00.58:896][  0]Cmd: MAP LOAD FILE="../../../../../../Github Unreal Engine Source/DerpySlashingGame/Content/SideScrollerBP/Maps/SideScrollerExampleMap.umap" TEMPLATE=0 SHOWPROGRESS=1 FEATURELEVEL=3
[2017.11.16-15.00.58:896][  0]LightingResults: New page: Lighting Build
[2017.11.16-15.00.58:931][  0]MapCheck: New page: Map Check
[2017.11.16-15.00.58:931][  0]LightingResults: New page: Lighting Build
[2017.11.16-15.00.59:066][  0]LogTexture: Display: Building textures: HQ_Lightmap1_2 (AutoDXT, 64X64)
[2017.11.16-15.00.59:066][  0]LogMaterial: Missing cached shader map for material AntiAliasedTextMaterialTranslucent, compiling. 
[2017.11.16-15.00.59:253][  0]LogTexture: Display: Building textures: HQ_Lightmap1_1 (AutoDXT, 1024X1024)
[2017.11.16-15.00.59:253][  0]LogTexture: Display: Building textures: LQ_Lightmap_1_1 (DXT1, 1024X1024)
[2017.11.16-15.00.59:253][  0]LogTexture: Display: Building textures: LQ_Lightmap_1_2 (DXT1, 64X64)
[2017.11.16-15.00.59:253][  0]LogTexture: Display: Building textures: SkyOcclusion1_1 (AutoDXT, 1024X512)
[2017.11.16-15.00.59:373][  0]LogTexture: Display: Building textures: SkyOcclusion1_2 (AutoDXT, 64X32)
[2017.11.16-15.00.59:419][  0]LogAIModule: Creating AISystem for world SideScrollerExampleMap
[2017.11.16-15.00.59:425][  0]LogEditorServer: Finished looking for orphan Actors (0.000 secs)
[2017.11.16-15.00.59:438][  0]Cmd: MAP CHECKDEP NOCLEARLOG
[2017.11.16-15.00.59:493][  0]MapCheck: Map check complete: 0 Error(s), 0 Warning(s), took 54.59ms to complete.
[2017.11.16-15.00.59:493][  0]LogFileHelpers: Loading map 'SideScrollerExampleMap' took 0.597
[2017.11.16-15.00.59:623][  0]LogCollectionManager: Loaded 0 collections in 0.001942 seconds
[2017.11.16-15.00.59:705][  0]LogFileCache: Scanning file cache for directory 'D:/Github Unreal Engine Source/DerpySlashingGame/Saved/Collections/' took 0.01s
[2017.11.16-15.00.59:705][  0]LogFileCache: Scanning file cache for directory 'D:/Github Unreal Engine Source/DerpySlashingGame/Content/Developers/TobiasPreecha/Collections/' took 0.01s
[2017.11.16-15.00.59:705][  0]LogFileCache: Scanning file cache for directory 'D:/Github Unreal Engine Source/DerpySlashingGame/Content/Collections/' took 0.01s
[2017.11.16-15.00.59:705][  0]LogCollectionManager: Rebuilt the GUID cache for 0 collections in 0.000000 seconds
[2017.11.16-15.00.59:714][  0]LogContentBrowser: Native class hierarchy populated in 0.0086 seconds. Added 2363 classes and 519 folders.
[2017.11.16-15.00.59:775][  0]LogContentBrowser: Native class hierarchy updated for 'WidgetCarousel' in 0.0003 seconds. Added 0 classes and 0 folders.
[2017.11.16-15.00.59:831][  0]LogContentBrowser: Native class hierarchy updated for 'AddContentDialog' in 0.0003 seconds. Added 0 classes and 0 folders.
[2017.11.16-15.00.59:874][  0]LogContentBrowser: Native class hierarchy updated for 'SceneOutliner' in 0.0003 seconds. Added 1 classes and 2 folders.
[2017.11.16-15.00.59:892][  0]LogSlate: Took 0.000267 seconds to synchronously load lazily loaded font '../../../Engine/Content/Slate/Fonts/Roboto-Regular.ttf' (155K)
[2017.11.16-15.00.59:894][  0]LogSlate: Took 0.000244 seconds to synchronously load lazily loaded font '../../../Engine/Content/Slate/Fonts/Roboto-Bold.ttf' (160K)
[2017.11.16-15.00.59:900][  0]LogSlate: Took 0.000227 seconds to synchronously load lazily loaded font '../../../Engine/Content/Editor/Slate/Fonts/FontAwesome.ttf' (139K)
[2017.11.16-15.01.00:005][  0]LogRenderer: Reallocating scene render targets to support 1208x576 Format 10 NumSamples 1 (Frame:1).
[2017.11.16-15.01.00:153][  0]LogContentBrowser: Native class hierarchy updated for 'HierarchicalLODOutliner' in 0.0003 seconds. Added 1 classes and 2 folders.
[2017.11.16-15.01.00:153][  0]LogLoad: (Engine Initialization) Total time: 17.96 seconds
[2017.11.16-15.01.00:153][  0]LogLoad: (Engine Initialization) Total Blueprint compile time: 0.00 seconds
[2017.11.16-15.01.00:153][  0]LogExternalProfiler: No external profilers were discovered.  External profiling features will not be available.
[2017.11.16-15.01.00:520][  0]LogContentStreaming: Texture pool size now 3000 MB
[2017.11.16-15.01.00:826][  1]LogFileCache: Retrieving MD5 hashes for directory 'D:/Github Unreal Engine Source/DerpySlashingGame/Content/' took 0.32s
[2017.11.16-15.01.01:495][  3]LogSlate: Took 0.000273 seconds to synchronously load lazily loaded font '../../../Engine/Content/Slate/Fonts/Roboto-Light.ttf' (159K)
[2017.11.16-15.01.02:830][  7]LogAssetRegistry: Asset discovery search completed in 13.3347 seconds
[2017.11.16-15.01.02:832][  7]LogCollectionManager: Rebuilt the object cache for 0 collections in 0.000000 seconds (found 0 objects)
[2017.11.16-15.01.02:832][  7]LogCollectionManager: Fixed up redirectors for 0 collections in 0.000064 seconds (updated 0 objects)
[2017.11.16-15.01.04:364][ 11]LogTexture: Display: Building textures: Derpyslashinggamebutton (AutoDXT, 100X100)
[2017.11.16-15.01.04:365][ 11]LogSlate: Took 0.000199 seconds to synchronously load lazily loaded font '../../../Engine/Content/Slate/Fonts/Roboto-Light.ttf' (159K)
[2017.11.16-15.01.04:674][ 11]LogContentBrowser: Native class hierarchy updated for 'BlueprintGraph' in 0.0007 seconds. Added 116 classes and 0 folders.
[2017.11.16-15.01.05:386][ 11]LogSlate: Took 0.000287 seconds to synchronously load lazily loaded font '../../../Engine/Content/Editor/Slate/Fonts/Roboto-BoldCondensed.ttf' (158K)
[2017.11.16-15.01.05:464][ 12]LogSlate: Took 0.000216 seconds to synchronously load lazily loaded font '../../../Engine/Content/Editor/Slate/Fonts/Roboto-Italic.ttf' (157K)
[2017.11.16-15.01.08:782][389]LogTemp: Repeating last play command: Selected Viewport
[2017.11.16-15.01.08:878][389]LogBlueprintUserMessages: Early PlayInEditor Detection: Level '/Game/SideScrollerBP/Maps/SideScrollerExampleMap.SideScrollerExampleMap:PersistentLevel' has LevelScriptBlueprint '/Game/SideScrollerBP/Maps/SideScrollerExampleMap.SideScrollerExampleMap:PersistentLevel.SideScrollerExampleMap' with GeneratedClass '/Game/SideScrollerBP/Maps/SideScrollerExampleMap.SideScrollerExampleMap_C' with ClassGeneratedBy '/Game/SideScrollerBP/Maps/SideScrollerExampleMap.SideScrollerExampleMap:PersistentLevel.SideScrollerExampleMap'
[2017.11.16-15.01.08:878][389]LogPlayLevel: PlayLevel: No blueprints needed recompiling
[2017.11.16-15.01.08:878][389]PIE: New page: PIE session: SideScrollerExampleMap (Nov 16, 2017, 5:01:08 PM)
[2017.11.16-15.01.08:878][389]LogPlayLevel: Creating play world package: /Game/SideScrollerBP/Maps/UEDPIE_0_SideScrollerExampleMap
[2017.11.16-15.01.08:900][389]LogPlayLevel: PIE: StaticDuplicateObject took: (0.021475s)
[2017.11.16-15.01.08:901][389]LogAIModule: Creating AISystem for world SideScrollerExampleMap
[2017.11.16-15.01.08:901][389]LogPlayLevel: PIE: World Init took: (0.001001s)
[2017.11.16-15.01.08:901][389]LogPlayLevel: PIE: Created PIE world by copying editor world from /Game/SideScrollerBP/Maps/SideScrollerExampleMap.SideScrollerExampleMap to /Game/SideScrollerBP/Maps/UEDPIE_0_SideScrollerExampleMap.SideScrollerExampleMap (0.022873s)
[2017.11.16-15.01.08:939][389]LogInit: XAudio2 using 'Speakers (5- USB Audio Device)' : 2 channels at 44.1 kHz using 16 bits per sample (channel mask 0x3)
[2017.11.16-15.01.08:946][389]LogInit: FAudioDevice initialized.
[2017.11.16-15.01.08:998][389]LogLinker: Warning: Can't find file '/Game/SideScrollerBP/Blueprints/SideScrollerGameMode'
[2017.11.16-15.01.08:998][389]LogLinker: Warning: Can't find file '/Game/SideScrollerBP/Blueprints/SideScrollerGameMode'
[2017.11.16-15.01.08:999][389]LogUObjectGlobals: Warning: Failed to find object 'Class /Game/SideScrollerBP/Blueprints/SideScrollerGameMode.SideScrollerGameMode_C'
[2017.11.16-15.01.08:999][389]LogLoad: Game class is 'GameModeBase'
[2017.11.16-15.01.09:001][389]LogWorld: Bringing World /Game/SideScrollerBP/Maps/UEDPIE_0_SideScrollerExampleMap.SideScrollerExampleMap up for play (max tick rate 0) at 2017.11.16-16.01.09
[2017.11.16-15.01.09:002][389]LogWorld: Bringing up level for play took: 0.001221
[2017.11.16-15.01.09:071][389]LogContentBrowser: Native class hierarchy updated for 'MovieSceneCapture' in 0.0003 seconds. Added 11 classes and 0 folders.
[2017.11.16-15.01.09:074][389]PIE: Play in editor start time for /Game/SideScrollerBP/Maps/UEDPIE_0_SideScrollerExampleMap 0.481
[2017.11.16-15.01.09:074][389]LogBlueprintUserMessages: Late PlayInEditor Detection: Level '/Game/SideScrollerBP/Maps/SideScrollerExampleMap.SideScrollerExampleMap:PersistentLevel' has LevelScriptBlueprint '/Game/SideScrollerBP/Maps/SideScrollerExampleMap.SideScrollerExampleMap:PersistentLevel.SideScrollerExampleMap' with GeneratedClass '/Game/SideScrollerBP/Maps/SideScrollerExampleMap.SideScrollerExampleMap_C' with ClassGeneratedBy '/Game/SideScrollerBP/Maps/SideScrollerExampleMap.SideScrollerExampleMap:PersistentLevel.SideScrollerExampleMap'
[2017.11.16-15.01.09:113][389]LogRenderer: Reallocating scene render targets to support 1292x756 Format 10 NumSamples 1 (Frame:1).
[2017.11.16-15.01.10:695][561]LogBlueprintUserMessages: Early EndPlayMap Detection: Level '/Game/SideScrollerBP/Maps/SideScrollerExampleMap.SideScrollerExampleMap:PersistentLevel' has LevelScriptBlueprint '/Game/SideScrollerBP/Maps/SideScrollerExampleMap.SideScrollerExampleMap:PersistentLevel.SideScrollerExampleMap' with GeneratedClass '/Game/SideScrollerBP/Maps/SideScrollerExampleMap.SideScrollerExampleMap_C' with ClassGeneratedBy '/Game/SideScrollerBP/Maps/SideScrollerExampleMap.SideScrollerExampleMap:PersistentLevel.SideScrollerExampleMap'
[2017.11.16-15.01.10:734][561]LogBlueprintUserMessages: Late EndPlayMap Detection: Level '/Game/SideScrollerBP/Maps/SideScrollerExampleMap.SideScrollerExampleMap:PersistentLevel' has LevelScriptBlueprint '/Game/SideScrollerBP/Maps/SideScrollerExampleMap.SideScrollerExampleMap:PersistentLevel.SideScrollerExampleMap' with GeneratedClass '/Game/SideScrollerBP/Maps/SideScrollerExampleMap.SideScrollerExampleMap_C' with ClassGeneratedBy '/Game/SideScrollerBP/Maps/SideScrollerExampleMap.SideScrollerExampleMap:PersistentLevel.SideScrollerExampleMap'
[2017.11.16-15.01.16:401][221]LogSlate: Took 0.000215 seconds to synchronously load lazily loaded font '../../../Engine/Content/Slate/Fonts/Roboto-Light.ttf' (159K)
[2017.11.16-15.01.50:240][884]LogSavePackage: Save=168.64ms
[2017.11.16-15.01.50:240][884]LogSavePackage: Moving '../../../../../../Github Unreal Engine Source/DerpySlashingGame/Saved/SideScrollerExampleMapEBB9AF794CE90FBEBDF566999C944729.tmp' to '../../../../../../Github Unreal Engine Source/DerpySlashingGame/Content/SideScrollerBP/Maps/SideScrollerExampleMap.umap'
[2017.11.16-15.01.50:243][884]LogSavePackage: Display: Finished SavePackage ../../../../../../Github Unreal Engine Source/DerpySlashingGame/Content/SideScrollerBP/Maps/SideScrollerExampleMap.umap
[2017.11.16-15.01.50:340][884]LogSavePackage: Save=77.72ms
[2017.11.16-15.01.50:340][884]LogSavePackage: Moving '../../../../../../Github Unreal Engine Source/DerpySlashingGame/Saved/SideScrollerExampleMap_BuiltData89E44B40428BE7385944868E20FB4EC8.tmp' to '../../../../../../Github Unreal Engine Source/DerpySlashingGame/Content/SideScrollerBP/Maps/SideScrollerExampleMap_BuiltData.uasset'
[2017.11.16-15.01.50:342][884]LogSavePackage: Display: Finished SavePackage ../../../../../../Github Unreal Engine Source/DerpySlashingGame/Content/SideScrollerBP/Maps/SideScrollerExampleMap_BuiltData.uasset
[2017.11.16-15.01.50:752][921]LogTemp: Repeating last play command: Selected Viewport
[2017.11.16-15.01.50:769][921]LogBlueprintUserMessages: Early PlayInEditor Detection: Level '/Game/SideScrollerBP/Maps/SideScrollerExampleMap.SideScrollerExampleMap:PersistentLevel' has LevelScriptBlueprint '/Game/SideScrollerBP/Maps/SideScrollerExampleMap.SideScrollerExampleMap:PersistentLevel.SideScrollerExampleMap' with GeneratedClass '/Game/SideScrollerBP/Maps/SideScrollerExampleMap.SideScrollerExampleMap_C' with ClassGeneratedBy '/Game/SideScrollerBP/Maps/SideScrollerExampleMap.SideScrollerExampleMap:PersistentLevel.SideScrollerExampleMap'
[2017.11.16-15.01.50:769][921]LogPlayLevel: PlayLevel: No blueprints needed recompiling
[2017.11.16-15.01.50:770][921]PIE: New page: PIE session: SideScrollerExampleMap (Nov 16, 2017, 5:01:50 PM)
[2017.11.16-15.01.50:770][921]LogPlayLevel: Creating play world package: /Game/SideScrollerBP/Maps/UEDPIE_0_SideScrollerExampleMap
[2017.11.16-15.01.50:784][921]LogPlayLevel: PIE: StaticDuplicateObject took: (0.013984s)
[2017.11.16-15.01.50:784][921]LogAIModule: Creating AISystem for world SideScrollerExampleMap
[2017.11.16-15.01.50:785][921]LogPlayLevel: PIE: World Init took: (0.000852s)
[2017.11.16-15.01.50:785][921]LogPlayLevel: PIE: Created PIE world by copying editor world from /Game/SideScrollerBP/Maps/SideScrollerExampleMap.SideScrollerExampleMap to /Game/SideScrollerBP/Maps/UEDPIE_0_SideScrollerExampleMap.SideScrollerExampleMap (0.015149s)
[2017.11.16-15.01.50:850][921]LogInit: XAudio2 using 'Speakers (5- USB Audio Device)' : 2 channels at 44.1 kHz using 16 bits per sample (channel mask 0x3)
[2017.11.16-15.01.50:857][921]LogInit: FAudioDevice initialized.
[2017.11.16-15.01.50:890][921]LogLoad: Game class is 'GameModeBase'
[2017.11.16-15.01.50:893][921]LogWorld: Bringing World /Game/SideScrollerBP/Maps/UEDPIE_0_SideScrollerExampleMap.SideScrollerExampleMap up for play (max tick rate 0) at 2017.11.16-16.01.50
[2017.11.16-15.01.50:925][921]LogWorld: Bringing up level for play took: 0.033623
[2017.11.16-15.01.50:926][921]PIE: Play in editor start time for /Game/SideScrollerBP/Maps/UEDPIE_0_SideScrollerExampleMap 0.334
[2017.11.16-15.01.50:927][921]LogBlueprintUserMessages: Late PlayInEditor Detection: Level '/Game/SideScrollerBP/Maps/SideScrollerExampleMap.SideScrollerExampleMap:PersistentLevel' has LevelScriptBlueprint '/Game/SideScrollerBP/Maps/SideScrollerExampleMap.SideScrollerExampleMap:PersistentLevel.SideScrollerExampleMap' with GeneratedClass '/Game/SideScrollerBP/Maps/SideScrollerExampleMap.SideScrollerExampleMap_C' with ClassGeneratedBy '/Game/SideScrollerBP/Maps/SideScrollerExampleMap.SideScrollerExampleMap:PersistentLevel.SideScrollerExampleMap'
[2017.11.16-15.01.52:372][ 89]LogBlueprintUserMessages: Early EndPlayMap Detection: Level '/Game/SideScrollerBP/Maps/SideScrollerExampleMap.SideScrollerExampleMap:PersistentLevel' has LevelScriptBlueprint '/Game/SideScrollerBP/Maps/SideScrollerExampleMap.SideScrollerExampleMap:PersistentLevel.SideScrollerExampleMap' with GeneratedClass '/Game/SideScrollerBP/Maps/SideScrollerExampleMap.SideScrollerExampleMap_C' with ClassGeneratedBy '/Game/SideScrollerBP/Maps/SideScrollerExampleMap.SideScrollerExampleMap:PersistentLevel.SideScrollerExampleMap'
[2017.11.16-15.01.52:420][ 89]LogBlueprintUserMessages: Late EndPlayMap Detection: Level '/Game/SideScrollerBP/Maps/SideScrollerExampleMap.SideScrollerExampleMap:PersistentLevel' has LevelScriptBlueprint '/Game/SideScrollerBP/Maps/SideScrollerExampleMap.SideScrollerExampleMap:PersistentLevel.SideScrollerExampleMap' with GeneratedClass '/Game/SideScrollerBP/Maps/SideScrollerExampleMap.SideScrollerExampleMap_C' with ClassGeneratedBy '/Game/SideScrollerBP/Maps/SideScrollerExampleMap.SideScrollerExampleMap:PersistentLevel.SideScrollerExampleMap'
[2017.11.16-15.01.57:943][734]Cmd: CAMERA ALIGN ACTIVEVIEWPORTONLY
[2017.11.16-15.01.59:378][879]Cmd: CAMERA ALIGN ACTIVEVIEWPORTONLY
[2017.11.16-15.02.30:816][265]LogSavePackage: Save=171.92ms
[2017.11.16-15.02.30:816][265]LogSavePackage: Moving '../../../../../../Github Unreal Engine Source/DerpySlashingGame/Saved/SideScrollerExampleMap6F6B76AB4CA3A2FFB149FBADAD5A2A83.tmp' to '../../../../../../Github Unreal Engine Source/DerpySlashingGame/Content/SideScrollerBP/Maps/SideScrollerExampleMap.umap'
[2017.11.16-15.02.30:820][265]LogSavePackage: Display: Finished SavePackage ../../../../../../Github Unreal Engine Source/DerpySlashingGame/Content/SideScrollerBP/Maps/SideScrollerExampleMap.umap
[2017.11.16-15.02.30:893][265]LogSavePackage: Save=54.16ms
[2017.11.16-15.02.30:893][265]LogSavePackage: Moving '../../../../../../Github Unreal Engine Source/DerpySlashingGame/Saved/SideScrollerExampleMap_BuiltData95CEA31D4195741A6DE34FB821CC37FC.tmp' to '../../../../../../Github Unreal Engine Source/DerpySlashingGame/Content/SideScrollerBP/Maps/SideScrollerExampleMap_BuiltData.uasset'
[2017.11.16-15.02.30:894][265]LogSavePackage: Display: Finished SavePackage ../../../../../../Github Unreal Engine Source/DerpySlashingGame/Content/SideScrollerBP/Maps/SideScrollerExampleMap_BuiltData.uasset
[2017.11.16-15.02.31:505][324]LogTemp: Repeating last play command: Selected Viewport
[2017.11.16-15.02.31:517][324]LogBlueprintUserMessages: Early PlayInEditor Detection: Level '/Game/SideScrollerBP/Maps/SideScrollerExampleMap.SideScrollerExampleMap:PersistentLevel' has LevelScriptBlueprint '/Game/SideScrollerBP/Maps/SideScrollerExampleMap.SideScrollerExampleMap:PersistentLevel.SideScrollerExampleMap' with GeneratedClass '/Game/SideScrollerBP/Maps/SideScrollerExampleMap.SideScrollerExampleMap_C' with ClassGeneratedBy '/Game/SideScrollerBP/Maps/SideScrollerExampleMap.SideScrollerExampleMap:PersistentLevel.SideScrollerExampleMap'
[2017.11.16-15.02.31:517][324]LogPlayLevel: PlayLevel: No blueprints needed recompiling
[2017.11.16-15.02.31:517][324]PIE: New page: PIE session: SideScrollerExampleMap (Nov 16, 2017, 5:02:31 PM)
[2017.11.16-15.02.31:517][324]LogPlayLevel: Creating play world package: /Game/SideScrollerBP/Maps/UEDPIE_0_SideScrollerExampleMap
[2017.11.16-15.02.31:532][324]LogPlayLevel: PIE: StaticDuplicateObject took: (0.013672s)
[2017.11.16-15.02.31:533][324]LogAIModule: Creating AISystem for world SideScrollerExampleMap
[2017.11.16-15.02.31:533][324]LogPlayLevel: PIE: World Init took: (0.001260s)
[2017.11.16-15.02.31:533][324]LogPlayLevel: PIE: Created PIE world by copying editor world from /Game/SideScrollerBP/Maps/SideScrollerExampleMap.SideScrollerExampleMap to /Game/SideScrollerBP/Maps/UEDPIE_0_SideScrollerExampleMap.SideScrollerExampleMap (0.015326s)
[2017.11.16-15.02.31:594][324]LogInit: XAudio2 using 'Speakers (5- USB Audio Device)' : 2 channels at 44.1 kHz using 16 bits per sample (channel mask 0x3)
[2017.11.16-15.02.31:601][324]LogInit: FAudioDevice initialized.
[2017.11.16-15.02.31:633][324]LogLoad: Game class is 'GameModeBase'
[2017.11.16-15.02.31:636][324]LogWorld: Bringing World /Game/SideScrollerBP/Maps/UEDPIE_0_SideScrollerExampleMap.SideScrollerExampleMap up for play (max tick rate 0) at 2017.11.16-16.02.31
[2017.11.16-15.02.31:636][324]LogWorld: Bringing up level for play took: 0.001807
[2017.11.16-15.02.31:638][324]PIE: Play in editor start time for /Game/SideScrollerBP/Maps/UEDPIE_0_SideScrollerExampleMap 1.045
[2017.11.16-15.02.31:638][324]LogBlueprintUserMessages: Late PlayInEditor Detection: Level '/Game/SideScrollerBP/Maps/SideScrollerExampleMap.SideScrollerExampleMap:PersistentLevel' has LevelScriptBlueprint '/Game/SideScrollerBP/Maps/SideScrollerExampleMap.SideScrollerExampleMap:PersistentLevel.SideScrollerExampleMap' with GeneratedClass '/Game/SideScrollerBP/Maps/SideScrollerExampleMap.SideScrollerExampleMap_C' with ClassGeneratedBy '/Game/SideScrollerBP/Maps/SideScrollerExampleMap.SideScrollerExampleMap:PersistentLevel.SideScrollerExampleMap'
[2017.11.16-15.02.32:584][434]LogBlueprintUserMessages: Early EndPlayMap Detection: Level '/Game/SideScrollerBP/Maps/SideScrollerExampleMap.SideScrollerExampleMap:PersistentLevel' has LevelScriptBlueprint '/Game/SideScrollerBP/Maps/SideScrollerExampleMap.SideScrollerExampleMap:PersistentLevel.SideScrollerExampleMap' with GeneratedClass '/Game/SideScrollerBP/Maps/SideScrollerExampleMap.SideScrollerExampleMap_C' with ClassGeneratedBy '/Game/SideScrollerBP/Maps/SideScrollerExampleMap.SideScrollerExampleMap:PersistentLevel.SideScrollerExampleMap'
[2017.11.16-15.02.32:620][434]LogBlueprintUserMessages: Late EndPlayMap Detection: Level '/Game/SideScrollerBP/Maps/SideScrollerExampleMap.SideScrollerExampleMap:PersistentLevel' has LevelScriptBlueprint '/Game/SideScrollerBP/Maps/SideScrollerExampleMap.SideScrollerExampleMap:PersistentLevel.SideScrollerExampleMap' with GeneratedClass '/Game/SideScrollerBP/Maps/SideScrollerExampleMap.SideScrollerExampleMap_C' with ClassGeneratedBy '/Game/SideScrollerBP/Maps/SideScrollerExampleMap.SideScrollerExampleMap:PersistentLevel.SideScrollerExampleMap'
